XSpeedCounter::HandleConnected
2016-Nov-23 13:26:29 : XSpeedCounter::HandleStockUserLogin Stock Local Id:  1
2016-Nov-23 13:26:29 : XSpeedCounter::HandleOptUserLogin Opt Local Id : 1
2016-Nov-23 13:26:29 : XSpeedCounter::HandleQueryStockFund
2016-Nov-23 13:26:29 : XSpeedCounter::HandleQueryOptFund
2016-Nov-23 13:26:29 : XSpeedCounter::HandleQueryOptPosition
2016-Nov-23 13:26:29 : XSpeedCounter::HandleQueryOptPosition
2016-Nov-23 13:26:29 : XSpeedCounter::HandleQueryOptPosition
2016-Nov-23 13:26:29 : XSpeedCounter::HandleQueryOptPosition
2016-Nov-23 13:26:29 : XSpeedCounter::HandleQueryOptPosition
2016-Nov-23 13:26:29 : XSpeedCounter::HandleQueryOptPosition
2016-Nov-23 13:26:29 : XSpeedCounter::HandleQueryOptPosition
2016-Nov-23 13:26:29 : XSpeedCounter::HandleQueryOptPosition
2016-Nov-23 13:26:29 : XSpeedCounter::HandleQueryOptPosition
2016-Nov-23 13:26:29 : XSpeedCounter::HandleQueryOptPosition
2016-Nov-23 13:26:29 : XSpeedCounter::HandleQueryOptPosition
2016-Nov-23 13:26:29 : XSpeedCounter::HandleQueryOptPosition
XSpeedCounter::HandleConnected
2016-Nov-23 13:26:33 : XSpeedCounter::HandleStockUserLogin Stock Local Id:  1
2016-Nov-23 13:26:33 : XSpeedCounter::HandleOptUserLogin Opt Local Id : 1
2016-Nov-23 13:26:33 : XSpeedCounter::HandleQueryStockFund
2016-Nov-23 13:26:33 : XSpeedCounter::HandleQueryOptFund
2016-Nov-23 13:26:33 : XSpeedCounter::HandleQueryOptPosition
2016-Nov-23 13:26:33 : XSpeedCounter::HandleQueryOptPosition
2016-Nov-23 13:26:33 : XSpeedCounter::HandleQueryOptPosition
2016-Nov-23 13:26:33 : XSpeedCounter::HandleQueryOptPosition
2016-Nov-23 13:26:33 : XSpeedCounter::HandleQueryOptPosition
2016-Nov-23 13:26:33 : XSpeedCounter::HandleQueryOptPosition
2016-Nov-23 13:26:33 : XSpeedCounter::HandleQueryOptPosition
2016-Nov-23 13:26:33 : XSpeedCounter::HandleQueryOptPosition
2016-Nov-23 13:26:33 : XSpeedCounter::HandleQueryOptPosition
2016-Nov-23 13:26:33 : XSpeedCounter::HandleQueryOptPosition
2016-Nov-23 13:26:33 : XSpeedCounter::HandleQueryOptPosition
2016-Nov-23 13:26:33 : XSpeedCounter::HandleQueryOptPosition
