XSpeedCounter::HandleConnected
2017-Apr-18 09:51:45 : XSpeedCounter::HandleStockUserLogin Stock Local Id:  1
2017-Apr-18 09:51:45 : XSpeedCounter::HandleOptUserLogin
2017-Apr-18 09:51:45 : XSpeedCounter::HandleQueryStockFund
2017-Apr-18 09:51:45 : XSpeedCounter::HandleQueryOptFund
2017-Apr-18 09:51:45 : XSpeedCounter::HandleQueryOptPosition
2017-Apr-18 09:51:45 : XSpeedCounter::HandleQueryOptPosition
2017-Apr-18 09:51:45 : XSpeedCounter::HandleQueryOptPosition
2017-Apr-18 09:51:45 : XSpeedCounter::HandleQueryOptPosition
2017-Apr-18 09:51:45 : XSpeedCounter::HandleQueryOptPosition
2017-Apr-18 09:51:45 : XSpeedCounter::HandleQueryOptPosition
2017-Apr-18 09:51:45 : XSpeedCounter::HandleQueryOptPosition
2017-Apr-18 09:51:45 : XSpeedCounter::HandleQueryOptPosition
2017-Apr-18 09:51:45 : XSpeedCounter::HandleQueryOptPosition
2017-Apr-18 09:51:45 : XSpeedCounter::HandleQueryOptPosition
2017-Apr-18 09:51:45 : XSpeedCounter::HandleQueryOptPosition
2017-Apr-18 09:51:46 : XSpeedCounter::HandleQueryOptPosition
2017-Apr-18 09:51:46 : XSpeedCounter::HandleQueryOptPosition
2017-Apr-18 09:51:46 : XSpeedCounter::HandleQueryOptPosition
2017-Apr-18 09:51:46 : XSpeedCounter::HandleQueryOptPosition
2017-Apr-18 09:51:46 : XSpeedCounter::HandleQueryOptPosition
2017-Apr-18 09:51:46 : XSpeedCounter::HandleQueryOptFund
2017-Apr-18 09:51:46 : XSpeedCounter::HandleQueryStockFund
2017-Apr-18 09:51:46 : XSpeedCounter::HandleQueryOptPosition
2017-Apr-18 09:51:46 : XSpeedCounter::HandleQueryOptPosition
2017-Apr-18 09:51:46 : XSpeedCounter::HandleQueryOptPosition
2017-Apr-18 09:51:46 : XSpeedCounter::HandleQueryOptPosition
2017-Apr-18 09:51:46 : XSpeedCounter::HandleQueryOptPosition
2017-Apr-18 09:51:46 : XSpeedCounter::HandleQueryOptPosition
2017-Apr-18 09:51:46 : XSpeedCounter::HandleQueryOptPosition
2017-Apr-18 09:51:46 : XSpeedCounter::HandleQueryOptPosition
2017-Apr-18 09:51:46 : XSpeedCounter::HandleQueryOptPosition
2017-Apr-18 09:51:46 : XSpeedCounter::HandleQueryOptPosition
2017-Apr-18 09:51:46 : XSpeedCounter::HandleQueryOptPosition
2017-Apr-18 09:51:46 : XSpeedCounter::HandleQueryOptPosition
2017-Apr-18 09:51:46 : XSpeedCounter::HandleQueryOptPosition
2017-Apr-18 09:51:46 : XSpeedCounter::HandleQueryOptPosition
2017-Apr-18 09:51:46 : XSpeedCounter::HandleQueryOptPosition
2017-Apr-18 09:51:46 : XSpeedCounter::HandleQueryOptPosition
2017-Apr-18 09:51:47 : XSpeedCounter::HandleQueryStockFund
2017-Apr-18 09:51:47 : XSpeedCounter::HandleQueryOptFund
2017-Apr-18 09:51:47 : XSpeedCounter::HandleQueryOptPosition
2017-Apr-18 09:51:47 : XSpeedCounter::HandleQueryOptPosition
2017-Apr-18 09:51:47 : XSpeedCounter::HandleQueryOptPosition
2017-Apr-18 09:51:47 : XSpeedCounter::HandleQueryOptPosition
2017-Apr-18 09:51:48 : XSpeedCounter::HandleQueryOptPosition
2017-Apr-18 09:51:48 : XSpeedCounter::HandleQueryOptPosition
2017-Apr-18 09:51:48 : XSpeedCounter::HandleQueryOptPosition
2017-Apr-18 09:51:48 : XSpeedCounter::HandleQueryOptPosition
2017-Apr-18 09:51:48 : XSpeedCounter::HandleQueryOptPosition
2017-Apr-18 09:51:48 : XSpeedCounter::HandleQueryOptPosition
2017-Apr-18 09:51:48 : XSpeedCounter::HandleQueryOptPosition
2017-Apr-18 09:51:48 : XSpeedCounter::HandleQueryOptPosition
2017-Apr-18 09:51:48 : XSpeedCounter::HandleQueryOptPosition
2017-Apr-18 09:51:48 : XSpeedCounter::HandleQueryOptPosition
2017-Apr-18 09:51:48 : XSpeedCounter::HandleQueryOptPosition
2017-Apr-18 09:51:48 : XSpeedCounter::HandleQueryOptPosition
