#
# A fatal error has been detected by the Java Runtime Environment:
#
#  EXCEPTION_ACCESS_VIOLATION (0xc0000005) at pc=0x02928313, pid=16028, tid=15644
#
# JRE version: 6.0_17-b04
# Java VM: Java HotSpot(TM) Client VM (14.3-b01 mixed mode windows-x86 )
# Problematic frame:
# C  [m_dispatcher.dll+0x8313]
#
# If you would like to submit a bug report, please visit:
#   http://java.sun.com/webapps/bugreport/crash.jsp
# The crash happened outside the Java Virtual Machine in native code.
# See problematic frame for where to report the bug.
#

---------------  T H R E A D  ---------------

Current thread (0x0da9ec00):  JavaThread "main" [_thread_in_native, id=15644, stack(0x002b0000,0x00ab0000)]

siginfo: ExceptionCode=0xc0000005, reading address 0x003cdfe3

Registers:
EAX=0x003cdfc7, EBX=0x00000001, ECX=0x0e5c8a18, EDX=0x28554100
ESP=0x00aae9b8, EBP=0x00aae9cc, ESI=0x0e5c8a18, EDI=0x00000000
EIP=0x02928313, EFLAGS=0x00010202

Top of Stack: (sp=0x00aae9b8)
0x00aae9b8:   0f9910c9 00000001 00000000 00000001
0x00aae9c8:   ffffffff 00aaea38 0f991173 00aaecec
0x00aae9d8:   00000001 3511b4d0 00aaea24 0e5dbf40
0x00aae9e8:   0e5dbf40 00000000 00000000 0da9ec00
0x00aae9f8:   74c1cfe2 0da9ec00 0da96ed0 00aaebe4
0x00aaea08:   0da9ec00 26322478 1d8e2080 1d8e7440
0x00aaea18:   00aaf440 138d9e15 00aaf478 00000000
0x00aaea28:   00aae9e4 00aaeb6c 0f9df442 ffffffff 

Instructions: (pc=0x02928313)
0x02928303:   02 00 00 00 75 24 8b 81 98 02 00 00 85 c0 74 17
0x02928313:   8b 48 1c 80 79 68 00 74 07 85 c0 74 0a 8b c1 c3 


Stack: [0x002b0000,0x00ab0000],  sp=0x00aae9b8,  free space=8186k
Native frames: (J=compiled Java code, j=interpreted, Vv=VM code, C=native code)
C  [m_dispatcher.dll+0x8313]
C  [m_interpreter.dll+0xb1173]
C  [m_interpreter.dll+0xb1235]
C  [m_interpreter.dll+0xb12e3]
C  [m_interpreter.dll+0x373289]
C  [iqm.dll+0x9f095]
C  [iqm.dll+0xa091a]
C  0x73254d9e
C  0x7327ebfd
C  [iqm.dll+0x68655]
C  [iqm.dll+0x5f034]
C  [iqm.dll+0x1ed99]
C  [iqm.dll+0x5156a]
C  0x732768b0
C  0x73276c13
C  0x73277800
C  0x732779f5
C  0x73277aa3
j  com.mathworks.jmi.NativeMatlab.SendMatlabMessage(Ljava/lang/Object;)Ljava/lang/Object;+0
j  com.mathworks.jmi.NativeMatlab.sendMatlabMessage(Ljava/lang/Object;)Ljava/lang/Object;+22
j  com.mathworks.jmi.MatlabLooper.sendMatlabMessage(Lcom/mathworks/services/message/MWMessage;)Ljava/lang/Object;+20
j  com.mathworks.jmi.Matlab.mtFevalConsoleOutput(Ljava/lang/String;[Ljava/lang/Object;I)Ljava/lang/Object;+58
j  com.mathworks.mde.desk.MLDesktop$8.run()V+14
j  com.mathworks.jmi.NativeMatlab.dispatchMTRequests(Z)V+57
v  ~StubRoutines::call_stub
V  [jvm.dll+0xecf9c]
V  [jvm.dll+0x1741d1]
V  [jvm.dll+0xed01d]
V  [jvm.dll+0xf5be5]
V  [jvm.dll+0xfd932]
C  [jmi.dll+0x22492]
C  [jmi.dll+0x282e3]
C  [jmi.dll+0x28346]
C  [jmi.dll+0x4e21e]
C  [jmi.dll+0x18d41]
C  [uiw.dll+0x4c709]
C  [uiw.dll+0x4ccd6]
C  [USER32.dll+0x28346]
C  [USER32.dll+0x180b9]
C  [USER32.dll+0x18bb1]
C  [ntdll.dll+0x1011a]
C  [USER32.dll+0x260ec]
C  [uiw.dll+0x2dfdd]
C  [uiw.dll+0x4dd0f]
C  [libmwservices.dll+0xa4277]
C  [libmwservices.dll+0xa4c8c]
C  [libmwservices.dll+0xa5d46]
C  [libmwservices.dll+0xa70b8]
C  [libmwservices.dll+0xa7258]
C  [libmwservices.dll+0xa72ca]
C  [libmwservices.dll+0xa7322]
C  [mcr.dll+0x14853]
C  [mcr.dll+0x14ae2]
C  [mcr.dll+0x9e2f]
C  [mcr.dll+0xcb26]
C  [MATLAB.exe+0x7632]
C  [MATLAB.exe+0x772f]
C  [MATLAB.exe+0x7938]
C  [MATLAB.exe+0x7dcd]
C  [kernel32.dll+0x1338a]
C  [ntdll.dll+0x39902]
C  [ntdll.dll+0x398d5]

Java frames: (J=compiled Java code, j=interpreted, Vv=VM code)
j  com.mathworks.jmi.NativeMatlab.SendMatlabMessage(Ljava/lang/Object;)Ljava/lang/Object;+0
j  com.mathworks.jmi.NativeMatlab.sendMatlabMessage(Ljava/lang/Object;)Ljava/lang/Object;+22
j  com.mathworks.jmi.MatlabLooper.sendMatlabMessage(Lcom/mathworks/services/message/MWMessage;)Ljava/lang/Object;+20
j  com.mathworks.jmi.Matlab.mtFevalConsoleOutput(Ljava/lang/String;[Ljava/lang/Object;I)Ljava/lang/Object;+58
j  com.mathworks.mde.desk.MLDesktop$8.run()V+14
j  com.mathworks.jmi.NativeMatlab.dispatchMTRequests(Z)V+57
v  ~StubRoutines::call_stub

---------------  P R O C E S S  ---------------

Java Threads: ( => current thread )
  0x26e36c00 JavaThread "Code Analyzer updating thread" [_thread_blocked, id=18216, stack(0x2a090000,0x2a110000)]
  0x26e38800 JavaThread "Code Analyzer updating thread" [_thread_blocked, id=13544, stack(0x24d10000,0x24d90000)]
  0x26e39c00 JavaThread "Code Analyzer updating thread" [_thread_blocked, id=16200, stack(0x2e510000,0x2e590000)]
  0x26e34000 JavaThread "pool-2-thread-1" [_thread_blocked, id=14188, stack(0x2a700000,0x2a780000)]
  0x26e37800 JavaThread "Code Analyzer updating thread" [_thread_blocked, id=13384, stack(0x2d210000,0x2d290000)]
  0x26e39000 JavaThread "Code Analyzer updating thread" [_thread_blocked, id=18760, stack(0x2a7a0000,0x2a820000)]
  0x26590800 JavaThread "Explorer NavigationContext request queue" [_thread_blocked, id=18280, stack(0x2a640000,0x2a6c0000)]
  0x26e36400 JavaThread "Foxtrot Single Worker Thread #1" daemon [_thread_blocked, id=17416, stack(0x2a5c0000,0x2a640000)]
  0x26e37000 JavaThread "Code Analyzer updating thread" [_thread_blocked, id=17312, stack(0x2a270000,0x2a2f0000)]
  0x26e38400 JavaThread "Code Analyzer updating thread" [_thread_blocked, id=18080, stack(0x27390000,0x27410000)]
  0x26e39400 JavaThread "pool-7-thread-1" [_thread_blocked, id=2304, stack(0x2a2f0000,0x2a370000)]
  0x26e34c00 JavaThread "Prefs Updater" daemon [_thread_blocked, id=17168, stack(0x06870000,0x068f0000)]
  0x2658e400 JavaThread "pool-1-thread-1" [_thread_blocked, id=432, stack(0x2e020000,0x2e0a0000)]
  0x26e35400 JavaThread "Swing-Shell" daemon [_thread_blocked, id=15704, stack(0x11ef0000,0x11f70000)]
  0x26592c00 JavaThread "Active Reference Queue Daemon" daemon [_thread_blocked, id=17388, stack(0x2e420000,0x2e4a0000)]
  0x26592400 JavaThread "Timer-9" daemon [_thread_blocked, id=17192, stack(0x2e290000,0x2e310000)]
  0x26590c00 JavaThread "Timer-8" daemon [_thread_blocked, id=16420, stack(0x2e330000,0x2e3b0000)]
  0x2658fc00 JavaThread "AddressBar directory emptiness poller" [_thread_blocked, id=13352, stack(0x2df00000,0x2df80000)]
  0x2658f400 JavaThread "Explorer Refresh Service 24137403" [_thread_blocked, id=16192, stack(0x2dd60000,0x2dde0000)]
  0x2658e800 JavaThread "Timer-1" daemon [_thread_blocked, id=10768, stack(0x27a20000,0x27aa0000)]
  0x2658dc00 JavaThread "TimerQueue" daemon [_thread_blocked, id=14956, stack(0x0d6c0000,0x0d740000)]
  0x2658d800 JavaThread "Thread-5" daemon [_thread_blocked, id=17088, stack(0x0d310000,0x0d390000)]
  0x2658d000 JavaThread "AWT-EventQueue-0" [_thread_blocked, id=17356, stack(0x0d1c0000,0x0d240000)]
  0x2658cc00 JavaThread "AWT-Shutdown" [_thread_blocked, id=12144, stack(0x0d130000,0x0d1b0000)]
  0x2658c400 JavaThread "FelixPackageAdmin" daemon [_thread_blocked, id=15364, stack(0x27ab0000,0x27b30000)]
  0x2658c000 JavaThread "FelixStartLevel" daemon [_thread_blocked, id=16616, stack(0x27900000,0x27980000)]
  0x260b1c00 JavaThread "FelixDispatchQueue" daemon [_thread_blocked, id=12352, stack(0x27830000,0x278b0000)]
  0x24195400 JavaThread "com.google.common.base.internal.Finalizer" daemon [_thread_blocked, id=16432, stack(0x27640000,0x276c0000)]
  0x26325800 JavaThread "AWT-Windows" daemon [_thread_in_native, id=9708, stack(0x10030000,0x100b0000)]
  0x26323c00 JavaThread "Java2D Disposer" daemon [_thread_blocked, id=16652, stack(0x272d0000,0x27350000)]
  0x260b9800 JavaThread "Timer-0" [_thread_blocked, id=17284, stack(0x243b0000,0x24430000)]
  0x25f66000 JavaThread "EventMgr Dispatcher" daemon [_thread_in_native, id=15372, stack(0x080e0000,0x088e0000)]
  0x0f596400 JavaThread "Low Memory Detector" daemon [_thread_blocked, id=600, stack(0x0fed0000,0x0ff50000)]
  0x0f592000 JavaThread "CompilerThread0" daemon [_thread_blocked, id=14468, stack(0x24460000,0x24c60000)]
  0x0f562c00 JavaThread "Attach Listener" daemon [_thread_blocked, id=16784, stack(0x100d0000,0x10150000)]
  0x0f551400 JavaThread "Finalizer" daemon [_thread_blocked, id=16796, stack(0x0fe50000,0x0fed0000)]
  0x0f550000 JavaThread "Reference Handler" daemon [_thread_blocked, id=17212, stack(0x0f6a0000,0x0f720000)]
=>0x0da9ec00 JavaThread "main" [_thread_in_native, id=15644, stack(0x002b0000,0x00ab0000)]

Other Threads:
  0x0f54d400 VMThread [stack: 0x23930000,0x24130000] [id=14616]
  0x0f5a0400 WatcherThread [stack: 0x24d90000,0x25590000] [id=16716]

VM state:not at safepoint (normal execution)

VM Mutex/Monitor currently owned by a thread: None

Heap
 def new generation   total 29504K, used 29470K [0x158d0000, 0x178d0000, 0x178d0000)
  eden space 26240K, 100% used [0x158d0000, 0x17270000, 0x17270000)
  from space 3264K,  98% used [0x175a0000, 0x178c7958, 0x178d0000)
  to   space 3264K,   0% used [0x17270000, 0x17270000, 0x175a0000)
 tenured generation   total 98304K, used 98303K [0x178d0000, 0x1d8d0000, 0x1d8d0000)
   the space 98304K,  99% used [0x178d0000, 0x1d8cfff8, 0x1d8d0000, 0x1d8d0000)
 compacting perm gen  total 47104K, used 47035K [0x1d8d0000, 0x206d0000, 0x238d0000)
   the space 47104K,  99% used [0x1d8d0000, 0x206bed58, 0x206bee00, 0x206d0000)
No shared spaces configured.

Dynamic libraries:
0x00d20000 - 0x00d47000 	C:\Program Files (x86)\MATLAB\R2012b\bin\win32\MATLAB.exe
0x774f0000 - 0x77670000 	C:\Windows\SysWOW64\ntdll.dll
0x76f10000 - 0x77020000 	C:\Windows\syswow64\kernel32.dll
0x76d20000 - 0x76d67000 	C:\Windows\syswow64\KERNELBASE.dll
0x7ef10000 - 0x7ef9c000 	C:\Program Files (x86)\MATLAB\R2012b\bin\win32\libut.dll
0x7dce0000 - 0x7dd5a000 	C:\Program Files (x86)\MATLAB\R2012b\bin\win32\libmwi18n.dll
0x10000000 - 0x10009000 	C:\Program Files (x86)\MATLAB\R2012b\bin\win32\libmwresource_core.dll
0x001f0000 - 0x0027e000 	C:\Windows\WinSxS\x86_microsoft.vc90.crt_1fc8b3b9a1e18e3b_9.0.30729.6161_none_50934f2ebcb7eb57\MSVCP90.dll
0x735a0000 - 0x73643000 	C:\Windows\WinSxS\x86_microsoft.vc90.crt_1fc8b3b9a1e18e3b_9.0.30729.6161_none_50934f2ebcb7eb57\MSVCR90.dll
0x00140000 - 0x00163000 	C:\Program Files (x86)\MATLAB\R2012b\bin\win32\boost_filesystem-vc90-mt-1_44.dll
0x73f70000 - 0x73f77000 	C:\Program Files (x86)\MATLAB\R2012b\bin\win32\boost_system-vc90-mt-1_44.dll
0x76e30000 - 0x76ed1000 	C:\Windows\syswow64\ADVAPI32.dll
0x77020000 - 0x770cc000 	C:\Windows\syswow64\msvcrt.dll
0x76d70000 - 0x76d89000 	C:\Windows\SysWOW64\sechost.dll
0x768e0000 - 0x769d0000 	C:\Windows\syswow64\RPCRT4.dll
0x74e40000 - 0x74ea0000 	C:\Windows\syswow64\SspiCli.dll
0x74e30000 - 0x74e3c000 	C:\Windows\syswow64\CRYPTBASE.dll
0x73550000 - 0x7356f000 	C:\Program Files (x86)\MATLAB\R2012b\bin\win32\LIBEXPAT.dll
0x72eb0000 - 0x73035000 	C:\Program Files (x86)\MATLAB\R2012b\bin\win32\icuin44.dll
0x7ea10000 - 0x7eb2f000 	C:\Program Files (x86)\MATLAB\R2012b\bin\win32\icuuc44.dll
0x00d50000 - 0x01b91000 	C:\Program Files (x86)\MATLAB\R2012b\bin\win32\icudt44.dll
0x01ba0000 - 0x01cc0000 	C:\Program Files (x86)\MATLAB\R2012b\bin\win32\libmwfl.dll
0x01cc0000 - 0x01fc8000 	C:\Program Files (x86)\MATLAB\R2012b\bin\win32\libmwMATLAB_res.dll
0x73d00000 - 0x73d0e000 	C:\Program Files (x86)\MATLAB\R2012b\bin\win32\boost_date_time-vc90-mt-1_44.dll
0x73c80000 - 0x73c8f000 	C:\Program Files (x86)\MATLAB\R2012b\bin\win32\boost_signals-vc90-mt-1_44.dll
0x73d10000 - 0x73d1e000 	C:\Program Files (x86)\MATLAB\R2012b\bin\win32\boost_thread-vc90-mt-1_44.dll
0x00c60000 - 0x00cec000 	C:\Program Files (x86)\MATLAB\R2012b\bin\win32\boost_log-vc90-mt-1_44.dll
0x774c0000 - 0x774c5000 	C:\Windows\syswow64\PSAPI.DLL
0x765a0000 - 0x765d5000 	C:\Windows\syswow64\WS2_32.dll
0x75570000 - 0x75576000 	C:\Windows\syswow64\NSI.dll
0x01fd0000 - 0x02003000 	C:\Program Files (x86)\MATLAB\R2012b\bin\win32\tbb.dll
0x76ee0000 - 0x76f0b000 	C:\Windows\syswow64\imagehlp.dll
0x73db0000 - 0x73dbf000 	C:\Program Files (x86)\MATLAB\R2012b\bin\win32\icuio44.dll
0x02010000 - 0x020fb000 	C:\Windows\system32\dbghelp.dll
0x76b50000 - 0x76c50000 	C:\Windows\syswow64\USER32.dll
0x751a0000 - 0x75230000 	C:\Windows\syswow64\GDI32.dll
0x76340000 - 0x7634a000 	C:\Windows\syswow64\LPK.dll
0x76d90000 - 0x76e2d000 	C:\Windows\syswow64\USP10.dll
0x02100000 - 0x02320000 	C:\Program Files (x86)\MATLAB\R2012b\bin\win32\libmwservices.dll
0x7db50000 - 0x7dbe7000 	C:\Program Files (x86)\MATLAB\R2012b\bin\win32\libmx.dll
0x00d00000 - 0x00d1d000 	C:\Program Files (x86)\MATLAB\R2012b\bin\win32\tbbmalloc.dll
0x73730000 - 0x73744000 	C:\Program Files (x86)\MATLAB\R2012b\bin\win32\zlib1.dll
0x02340000 - 0x02375000 	C:\Program Files (x86)\MATLAB\R2012b\bin\win32\libmwregexp.dll
0x02390000 - 0x023aa000 	C:\Program Files (x86)\MATLAB\R2012b\bin\win32\libmwmfl_scalar.dll
0x7df40000 - 0x7df79000 	C:\Program Files (x86)\MATLAB\R2012b\bin\win32\mpath.dll
0x72990000 - 0x72da0000 	C:\Program Files (x86)\MATLAB\R2012b\bin\win32\mlutil.dll
0x7d670000 - 0x7d6ce000 	C:\Program Files (x86)\MATLAB\R2012b\bin\win32\xmlcore.dll
0x71cf0000 - 0x71ea2000 	C:\Program Files (x86)\MATLAB\R2012b\bin\win32\xerces-c_2_7.dll
0x02400000 - 0x0241b000 	C:\Program Files (x86)\MATLAB\R2012b\bin\win32\libmwMATLAB_settings_res.dll
0x02430000 - 0x0243d000 	C:\Program Files (x86)\MATLAB\R2012b\bin\win32\boost_iostreams-vc90-mt-1_44.dll
0x02450000 - 0x02489000 	C:\Program Files (x86)\MATLAB\R2012b\bin\win32\boost_serialization-vc90-mt-1_44.dll
0x75590000 - 0x761db000 	C:\Windows\syswow64\SHELL32.dll
0x753c0000 - 0x75417000 	C:\Windows\syswow64\SHLWAPI.dll
0x024a0000 - 0x02524000 	C:\Windows\WinSxS\x86_microsoft.windows.common-controls_6595b64144ccf1df_5.82.7601.18837_none_ec86b8d6858ec0bc\COMCTL32.dll
0x76860000 - 0x768db000 	C:\Windows\syswow64\COMDLG32.dll
0x02530000 - 0x02541000 	C:\Windows\system32\NETAPI32.dll
0x70780000 - 0x70789000 	C:\Windows\system32\netutils.dll
0x02550000 - 0x02569000 	C:\Windows\system32\srvcli.dll
0x70300000 - 0x7030f000 	C:\Windows\system32\wkscli.dll
0x761e0000 - 0x7633c000 	C:\Windows\syswow64\ole32.dll
0x754b0000 - 0x7553f000 	C:\Windows\syswow64\OLEAUT32.dll
0x02570000 - 0x025f7000 	C:\Program Files (x86)\MATLAB\R2012b\bin\win32\mcr.dll
0x02610000 - 0x02910000 	C:\Program Files (x86)\MATLAB\R2012b\bin\win32\iqm.dll
0x02920000 - 0x0299f000 	C:\Program Files (x86)\MATLAB\R2012b\bin\win32\m_dispatcher.dll
0x029b0000 - 0x02a6c000 	C:\Program Files (x86)\MATLAB\R2012b\bin\win32\boost_regex-vc90-mt-1_44.dll
0x0f8e0000 - 0x0fe21000 	C:\Program Files (x86)\MATLAB\R2012b\bin\win32\m_interpreter.dll
0x02a90000 - 0x02aac000 	C:\Program Files (x86)\MATLAB\R2012b\bin\win32\libmex.dll
0x02ac0000 - 0x02b1c000 	C:\Program Files (x86)\MATLAB\R2012b\bin\win32\profiler.dll
0x02b30000 - 0x02d5c000 	C:\Program Files (x86)\MATLAB\R2012b\bin\win32\libmwmathutil.dll
0x734f0000 - 0x73513000 	C:\Program Files (x86)\MATLAB\R2012b\bin\win32\libmwmathrng.dll
0x02d80000 - 0x02d8f000 	C:\Program Files (x86)\MATLAB\R2012b\bin\win32\libmwmfl_rng.dll
0x7c390000 - 0x7c428000 	C:\Program Files (x86)\MATLAB\R2012b\bin\win32\libmwmathcore.dll
0x7e000000 - 0x7e04b000 	C:\Program Files (x86)\MATLAB\R2012b\bin\win32\libmwspmatrix.dll
0x7dbf0000 - 0x7dc3b000 	C:\Program Files (x86)\MATLAB\R2012b\bin\win32\libmwcholmod.dll
0x73e70000 - 0x73e7a000 	C:\Program Files (x86)\MATLAB\R2012b\bin\win32\libmwamd.dll
0x73e80000 - 0x73e8a000 	C:\Program Files (x86)\MATLAB\R2012b\bin\win32\libmwcolamd.dll
0x73dd0000 - 0x73de1000 	C:\Program Files (x86)\MATLAB\R2012b\bin\win32\libmwblas.dll
0x73d30000 - 0x73d3d000 	C:\Program Files (x86)\MATLAB\R2012b\bin\win32\libmwbinder.dll
0x73ea0000 - 0x73eaa000 	C:\Program Files (x86)\MATLAB\R2012b\bin\win32\libmwompwrapper.dll
0x02e20000 - 0x02e59000 	C:\Program Files (x86)\MATLAB\R2012b\bin\win32\libmwlapack.dll
0x02e70000 - 0x02e85000 	C:\Program Files (x86)\MATLAB\R2012b\bin\win32\m_pcodeio.dll
0x7e080000 - 0x7e0ca000 	C:\Program Files (x86)\MATLAB\R2012b\bin\win32\m_ir.dll
0x02eb0000 - 0x03400000 	C:\Program Files (x86)\MATLAB\R2012b\bin\win32\m_parser.dll
0x03410000 - 0x03422000 	C:\Program Files (x86)\MATLAB\R2012b\bin\win32\ir_xfmr.dll
0x03440000 - 0x035ea000 	C:\Program Files (x86)\MATLAB\R2012b\bin\win32\mcos.dll
0x03600000 - 0x0360e000 	C:\Program Files (x86)\MATLAB\R2012b\bin\win32\mtok.dll
0x03620000 - 0x03644000 	C:\Program Files (x86)\MATLAB\R2012b\bin\win32\m_pcodegen.dll
0x7e1c0000 - 0x7e1e9000 	C:\Program Files (x86)\MATLAB\R2012b\bin\win32\libmwbridge.dll
0x03670000 - 0x03703000 	C:\Program Files (x86)\MATLAB\R2012b\bin\win32\udd.dll
0x03720000 - 0x0382e000 	C:\Program Files (x86)\MATLAB\R2012b\bin\win32\libmwgui.dll
0x03840000 - 0x03852000 	C:\Program Files (x86)\MATLAB\R2012b\bin\win32\graphics_util.dll
0x7b150000 - 0x7b816000 	C:\Program Files (x86)\MATLAB\R2012b\bin\win32\hg.dll
0x03880000 - 0x038c4000 	C:\Program Files (x86)\MATLAB\R2012b\bin\win32\libmat.dll
0x038e0000 - 0x03ac5000 	C:\Program Files (x86)\MATLAB\R2012b\bin\win32\hdf5dll.dll
0x7d9d0000 - 0x7da66000 	C:\Program Files (x86)\MATLAB\R2012b\bin\win32\jmi.dll
0x03af0000 - 0x03afb000 	C:\Program Files (x86)\MATLAB\R2012b\bin\win32\nativejava_services.dll
0x03b10000 - 0x03b44000 	C:\Program Files (x86)\MATLAB\R2012b\bin\win32\libmwhardcopy.dll
0x03b60000 - 0x03ba4000 	C:\Program Files (x86)\MATLAB\R2012b\bin\win32\libuij.dll
0x776f0000 - 0x778a3000 	C:\Program Files (x86)\MATLAB\R2012b\bin\win32\hgdatatypes.dll
0x03bd0000 - 0x03c91000 	C:\Program Files (x86)\MATLAB\R2012b\bin\win32\hgutils.dll
0x03cb0000 - 0x03d38000 	C:\Program Files (x86)\MATLAB\R2012b\bin\win32\udd_mi.dll
0x03d50000 - 0x03d80000 	C:\Program Files (x86)\MATLAB\R2012b\bin\win32\libmwgbtutils.dll
0x03d90000 - 0x03da3000 	C:\Program Files (x86)\MATLAB\R2012b\bin\win32\libmwgbt.dll
0x03dc0000 - 0x0405b000 	C:\Program Files (x86)\MATLAB\R2012b\bin\win32\uiw.dll
0x04070000 - 0x0407d000 	C:\Program Files (x86)\MATLAB\R2012b\bin\win32\uinone.dll
0x04090000 - 0x040af000 	C:\Program Files (x86)\MATLAB\R2012b\bin\win32\libmwnativefiledialogs.dll
0x040c0000 - 0x040c7000 	C:\Program Files (x86)\MATLAB\R2012b\bin\win32\libmwplatform_res.dll
0x74980000 - 0x74992000 	C:\Windows\system32\MPR.dll
0x040e0000 - 0x0447d000 	C:\Windows\WinSxS\x86_microsoft.vc90.mfc_1fc8b3b9a1e18e3b_9.0.30729.6161_none_4bf7e3e2bf9ada4c\mfc90.dll
0x04480000 - 0x04485000 	C:\Windows\system32\MSIMG32.dll
0x04490000 - 0x044e1000 	C:\Windows\system32\WINSPOOL.DRV
0x044f0000 - 0x04509000 	C:\Program Files (x86)\MATLAB\R2012b\bin\win32\mwoles05.DLL
0x04520000 - 0x04575000 	C:\Program Files (x86)\MATLAB\R2012b\bin\win32\comcli.dll
0x04590000 - 0x045bb000 	C:\Windows\WinSxS\x86_microsoft.vc90.atl_1fc8b3b9a1e18e3b_9.0.30729.6161_none_51cd0a7abbe4e19b\ATL90.DLL
0x045c0000 - 0x045c9000 	C:\Program Files (x86)\MATLAB\R2012b\bin\win32\mlautoregister.dll
0x74fa0000 - 0x75000000 	C:\Windows\system32\IMM32.DLL
0x76c50000 - 0x76d1c000 	C:\Windows\syswow64\MSCTF.dll
0x06400000 - 0x06480000 	C:\Windows\system32\UxTheme.dll
0x70720000 - 0x70733000 	C:\Windows\system32\dwmapi.dll
0x74a30000 - 0x74a39000 	C:\Windows\WinSxS\x86_microsoft.vc90.mfcloc_1fc8b3b9a1e18e3b_9.0.30729.6161_none_49768ef57548175e\MFC90CHS.DLL
0x06480000 - 0x064cc000 	C:\Windows\system32\apphelp.dll
0x092b0000 - 0x097ad000 	C:\Windows\system32\SOGOUPY.IME
0x04790000 - 0x047cc000 	C:\Windows\system32\OLEACC.dll
0x70820000 - 0x70841000 	C:\Windows\system32\ntmarta.dll
0x75230000 - 0x75275000 	C:\Windows\syswow64\WLDAP32.dll
0x728e0000 - 0x728e9000 	C:\Windows\system32\VERSION.dll
0x74b30000 - 0x74dbb000 	C:\Program Files (x86)\MATLAB\R2012b\sys\java\jre\win32\jre\bin\client\jvm.dll
0x70350000 - 0x70382000 	C:\Windows\system32\WINMM.dll

VM Arguments:
jvm_args: -Xss512k -XX:PermSize=32m -Xms64m -XX:NewRatio=3 -XX:MaxPermSize=96m -Xmx128m -XX:MaxDirectMemorySize=1200000000 -Dsun.java2d.noddraw=true -Dsun.awt.nopixfmt=true -Xshare:off -Xrs -Dsun.awt.disableMixing=true -Djava.library.path=C:\Program Files (x86)\MATLAB\R2012b\bin\win32;C:\Program Files (x86)\MATLAB\R2012b\sys\jxbrowser\win32\lib vfprintf abort -Duser.language=en -Duser.country=US 
java_command: <unknown>
Launcher Type: generic

Environment Variables:
PATH=C:\Program Files (x86)\MATLAB\R2012b\bin\win32;C:\ProgramData\Oracle\Java\javapath;C:\Program Files (x86)\Intel\iCLS Client\;C:\Program Files\Intel\iCLS Client\;C:\Windows\system32;C:\Windows;C:\Windows\System32\Wbem;C:\Windows\System32\WindowsPowerShell\v1.0\;C:\Program Files\Intel\Intel(R) Management Engine Components\DAL;C:\Program Files (x86)\Intel\Intel(R) Management Engine Components\DAL;C:\Program Files\Intel\Intel(R) Management Engine Components\IPT;C:\Program Files (x86)\Intel\Intel(R) Management Engine Components\IPT;C:\Program Files (x86)\ATI Technologies\ATI.ACE\Core-Static;C:\Program Files (x86)\Common Files\Lenovo;C:\Program Files (x86)\Common Files\lenovo\easyplussdk\bin;C:\ProgramData\Lenovo\ReadyApps;C:\Program Files\Microsoft\Web Platform Installer\;C:\Program Files (x86)\Microsoft ASP.NET\ASP.NET Web Pages\v1.0\;C:\Program Files\Microsoft SQL Server\110\Tools\Binn\;C:\Program Files (x86)\Windows Kits\8.0\Windows Performance Toolkit\;C:\Program Files (x86)\MATLAB\R2012b\runtime\win32;C:\Program Files (x86)\MATLAB\R2012b\bin;C:\Program Files\Perforce;C:\Program Files (x86)\Skype\Phone\;C:\Program Files (x86)\IDM Computer Solutions\UltraEdit\;C:\Program Files (x86)\IDM Computer Solutions\UltraCompare\
USERNAME=Rick Zhu
OS=Windows_NT
PROCESSOR_IDENTIFIER=Intel64 Family 6 Model 69 Stepping 1, GenuineIntel



---------------  S Y S T E M  ---------------

OS: Windows 7 Build 7601 Service Pack 1

CPU:total 4 (8 cores per cpu, 2 threads per core) family 6 model 69 stepping 1, cmov, cx8, fxsr, mmx, sse, sse2, sse3, ssse3, sse4.1, sse4.2, ht

Memory: 4k page, physical 4194303k(2118532k free), swap 4194303k(4194303k free)

vm_info: Java HotSpot(TM) Client VM (14.3-b01) for windows-x86 JRE (1.6.0_17-b04), built on Oct 11 2009 00:52:06 by "java_re" with MS VC++ 7.1

time: Wed Feb 24 13:46:15 2016
elapsed time: 102038 seconds

