CTPCounter::HandleConnected
CTPCounter::HandleUserLoginResponse
CTPCounter::HandleSettlementInfoConfirmResponse
CTPCounter::HandleReturnOrder
报单已提交
CTPCounter::HandleReturnOrder
CTPCounter::HandleReturnTrade
CTPCounter::HandleOrderInsertResponse
--->>> ErrorID=30, ErrorMsg=CTP:平仓量超过持仓量
CTPCounter::HandleReturnOrder
报单已提交
CTPCounter::HandleReturnOrder
CTPCounter::HandleReturnOrder
报单已提交
CTPCounter::HandleReturnOrder
CTPCounter::HandleReturnOrder
CTPCounter::HandleReturnTrade
CTPCounter::HandleReturnOrder
CTPCounter::HandleReturnTrade
CTPCounter::HandleReturnOrder
CTPCounter::HandleReturnTrade
CTPCounter::HandleReturnOrder
CTPCounter::HandleReturnTrade
CTPCounter::HandleReturnOrder
CTPCounter::HandleReturnTrade
CTPCounter::HandleReturnOrder
CTPCounter::HandleReturnTrade
CTPCounter::HandleReturnOrder
CTPCounter::HandleReturnTrade
CTPCounter::HandleReturnOrder
CTPCounter::HandleReturnTrade
CTPCounter::HandleReturnOrder
报单已提交
CTPCounter::HandleReturnOrder
CTPCounter::HandleReturnOrder
报单已提交
CTPCounter::HandleReturnOrder
CTPCounter::HandleReturnOrder
报单已提交
CTPCounter::HandleReturnOrder
CTPCounter::HandleReturnOrder
报单已提交
CTPCounter::HandleReturnOrder
CTPCounter::HandleReturnOrder
CTPCounter::HandleReturnTrade
CTPCounter::HandleReturnOrder
CTPCounter::HandleReturnTrade
CTPCounter::HandleReturnOrder
CTPCounter::HandleReturnTrade
CTPCounter::HandleReturnOrder
CTPCounter::HandleReturnTrade
CTPCounter::HandleReturnOrder
报单已提交
CTPCounter::HandleReturnOrder
CTPCounter::HandleReturnOrder
报单已提交
CTPCounter::HandleReturnOrder
CTPCounter::HandleReturnOrder
报单已提交
CTPCounter::HandleReturnOrder
CTPCounter::HandleReturnOrder
报单已提交
CTPCounter::HandleReturnOrder
CTPCounter::HandleReturnOrder
报单已提交
CTPCounter::HandleReturnOrder
CTPCounter::HandleReturnOrder
报单已提交
CTPCounter::HandleReturnOrder
CTPCounter::HandleDisconnected Reason : 4097
CTPCounter::HandleConnected
CTPCounter::HandleUserLoginResponse
CTPCounter::HandleSettlementInfoConfirmResponse
