XSpeedCounter::HandleConnected
2016-Dec-15 13:31:58 : XSpeedCounter::HandleStockUserLogin Stock Local Id:  1
2016-Dec-15 13:31:58 : XSpeedCounter::HandleOptUserLogin Opt Local Id : 1
2016-Dec-15 13:31:58 : XSpeedCounter::HandleQueryStockFund
2016-Dec-15 13:31:58 : XSpeedCounter::HandleQueryOptFund
2016-Dec-15 13:31:58 : XSpeedCounter::HandleQueryOptPosition
2016-Dec-15 13:31:58 : XSpeedCounter::HandleQueryOptPosition
2016-Dec-15 13:31:58 : XSpeedCounter::HandleQueryOptPosition
2016-Dec-15 13:31:58 : XSpeedCounter::HandleQueryOptPosition
2016-Dec-15 13:31:58 : XSpeedCounter::HandleQueryOptPosition
2016-Dec-15 13:31:58 : XSpeedCounter::HandleQueryOptPosition
2016-Dec-15 13:31:58 : XSpeedCounter::HandleQueryOptPosition
2016-Dec-15 13:31:58 : XSpeedCounter::HandleQueryOptPosition
2016-Dec-15 13:31:58 : XSpeedCounter::HandleQueryOptPosition
2016-Dec-15 13:31:58 : XSpeedCounter::HandleQueryOptPosition
2016-Dec-15 13:31:58 : XSpeedCounter::HandleQueryOptPosition
2016-Dec-15 13:31:58 : XSpeedCounter::HandleQueryOptPosition
2016-Dec-15 13:31:58 : XSpeedCounter::HandleQueryOptPosition
2016-Dec-15 13:31:58 : XSpeedCounter::HandleQueryOptPosition
2016-Dec-15 13:31:58 : XSpeedCounter::HandleQueryOptPosition
XSpeedCounter::HandleConnected
2016-Dec-15 13:39:33 : XSpeedCounter::HandleStockUserLogin Stock Local Id:  1
2016-Dec-15 13:39:33 : XSpeedCounter::HandleOptUserLogin Opt Local Id : 1
2016-Dec-15 13:39:33 : XSpeedCounter::HandleQueryStockFund
2016-Dec-15 13:39:33 : XSpeedCounter::HandleQueryOptFund
2016-Dec-15 13:39:33 : XSpeedCounter::HandleQueryOptPosition
2016-Dec-15 13:39:33 : XSpeedCounter::HandleQueryOptPosition
2016-Dec-15 13:39:33 : XSpeedCounter::HandleQueryOptPosition
2016-Dec-15 13:39:33 : XSpeedCounter::HandleQueryOptPosition
2016-Dec-15 13:39:33 : XSpeedCounter::HandleQueryOptPosition
2016-Dec-15 13:39:33 : XSpeedCounter::HandleQueryOptPosition
2016-Dec-15 13:39:33 : XSpeedCounter::HandleQueryOptPosition
2016-Dec-15 13:39:33 : XSpeedCounter::HandleQueryOptPosition
2016-Dec-15 13:39:33 : XSpeedCounter::HandleQueryOptPosition
2016-Dec-15 13:39:33 : XSpeedCounter::HandleQueryOptPosition
2016-Dec-15 13:39:33 : XSpeedCounter::HandleQueryOptPosition
2016-Dec-15 13:39:33 : XSpeedCounter::HandleQueryOptPosition
2016-Dec-15 13:39:33 : XSpeedCounter::HandleQueryOptPosition
2016-Dec-15 13:39:33 : XSpeedCounter::HandleQueryOptPosition
2016-Dec-15 13:39:33 : XSpeedCounter::HandleQueryOptPosition
