XSpeedCounter::HandleConnected
2017-Mar-08 14:34:42 : XSpeedCounter::HandleStockUserLogin Stock Local Id:  1
2017-Mar-08 14:34:42 : XSpeedCounter::HandleOptUserLogin
2017-Mar-08 14:34:42 : XSpeedCounter::HandleQueryStockFund
2017-Mar-08 14:34:42 : XSpeedCounter::HandleQueryOptFund
2017-Mar-08 14:34:42 : XSpeedCounter::HandleQueryOptPosition
2017-Mar-08 14:34:42 : XSpeedCounter::HandleQueryOptPosition
2017-Mar-08 14:34:42 : XSpeedCounter::HandleQueryOptPosition
2017-Mar-08 14:34:42 : XSpeedCounter::HandleQueryOptPosition
2017-Mar-08 14:34:42 : XSpeedCounter::HandleQueryOptPosition
2017-Mar-08 14:34:42 : XSpeedCounter::HandleQueryOptPosition
2017-Mar-08 14:34:42 : XSpeedCounter::HandleQueryOptPosition
2017-Mar-08 14:34:42 : XSpeedCounter::HandleQueryOptPosition
2017-Mar-08 14:34:42 : XSpeedCounter::HandleQueryOptPosition
2017-Mar-08 14:34:42 : XSpeedCounter::HandleQueryOptPosition
2017-Mar-08 14:34:42 : XSpeedCounter::HandleQueryOptPosition
2017-Mar-08 14:34:42 : XSpeedCounter::HandleQueryOptPosition
2017-Mar-08 14:34:42 : XSpeedCounter::HandleQueryOptPosition
2017-Mar-08 14:34:42 : XSpeedCounter::HandleQueryOptPosition
2017-Mar-08 14:34:42 : XSpeedCounter::HandleQueryOptPosition
2017-Mar-08 14:34:42 : XSpeedCounter::HandleQueryOptPosition
2017-Mar-08 14:34:42 : XSpeedCounter::HandleQueryOptPosition
2017-Mar-08 14:34:42 : XSpeedCounter::HandleQueryOptPosition
2017-Mar-08 14:34:42 : XSpeedCounter::HandleQueryOptPosition
2017-Mar-08 14:34:42 : XSpeedCounter::HandleQueryOptPosition
2017-Mar-08 14:34:42 : XSpeedCounter::HandleQueryOptPosition
2017-Mar-08 14:34:52 : XSpeedCounter::HandleQueryStockFund
2017-Mar-08 14:34:52 : XSpeedCounter::HandleQueryOptFund
2017-Mar-08 14:34:52 : XSpeedCounter::HandleQueryOptPosition
2017-Mar-08 14:34:52 : XSpeedCounter::HandleQueryOptPosition
2017-Mar-08 14:34:52 : XSpeedCounter::HandleQueryOptPosition
2017-Mar-08 14:34:52 : XSpeedCounter::HandleQueryOptPosition
2017-Mar-08 14:34:52 : XSpeedCounter::HandleQueryOptPosition
2017-Mar-08 14:34:52 : XSpeedCounter::HandleQueryOptPosition
2017-Mar-08 14:34:52 : XSpeedCounter::HandleQueryOptPosition
2017-Mar-08 14:34:52 : XSpeedCounter::HandleQueryOptPosition
2017-Mar-08 14:34:52 : XSpeedCounter::HandleQueryOptPosition
2017-Mar-08 14:34:52 : XSpeedCounter::HandleQueryOptPosition
2017-Mar-08 14:34:52 : XSpeedCounter::HandleQueryOptPosition
2017-Mar-08 14:34:52 : XSpeedCounter::HandleQueryOptPosition
2017-Mar-08 14:34:52 : XSpeedCounter::HandleQueryOptPosition
2017-Mar-08 14:34:52 : XSpeedCounter::HandleQueryOptPosition
2017-Mar-08 14:34:52 : XSpeedCounter::HandleQueryOptPosition
2017-Mar-08 14:34:52 : XSpeedCounter::HandleQueryOptPosition
2017-Mar-08 14:34:52 : XSpeedCounter::HandleQueryOptPosition
2017-Mar-08 14:34:52 : XSpeedCounter::HandleQueryOptPosition
2017-Mar-08 14:34:52 : XSpeedCounter::HandleQueryOptPosition
2017-Mar-08 14:34:52 : XSpeedCounter::HandleQueryOptPosition
2017-Mar-08 14:34:52 : XSpeedCounter::HandleQueryOptPosition
2017-Mar-08 14:34:53 : XSpeedCounter::HandleQueryOptFund
2017-Mar-08 14:34:53 : XSpeedCounter::HandleQueryStockFund
2017-Mar-08 14:34:53 : XSpeedCounter::HandleQueryOptPosition
2017-Mar-08 14:34:53 : XSpeedCounter::HandleQueryOptPosition
2017-Mar-08 14:34:53 : XSpeedCounter::HandleQueryOptPosition
2017-Mar-08 14:34:53 : XSpeedCounter::HandleQueryOptPosition
2017-Mar-08 14:34:53 : XSpeedCounter::HandleQueryOptPosition
2017-Mar-08 14:34:53 : XSpeedCounter::HandleQueryOptPosition
2017-Mar-08 14:34:53 : XSpeedCounter::HandleQueryOptPosition
2017-Mar-08 14:34:53 : XSpeedCounter::HandleQueryOptPosition
2017-Mar-08 14:34:53 : XSpeedCounter::HandleQueryOptPosition
2017-Mar-08 14:34:53 : XSpeedCounter::HandleQueryOptPosition
2017-Mar-08 14:34:53 : XSpeedCounter::HandleQueryOptPosition
2017-Mar-08 14:34:53 : XSpeedCounter::HandleQueryOptPosition
2017-Mar-08 14:34:53 : XSpeedCounter::HandleQueryOptPosition
2017-Mar-08 14:34:53 : XSpeedCounter::HandleQueryOptPosition
2017-Mar-08 14:34:53 : XSpeedCounter::HandleQueryOptPosition
2017-Mar-08 14:34:53 : XSpeedCounter::HandleQueryOptPosition
2017-Mar-08 14:34:53 : XSpeedCounter::HandleQueryOptPosition
2017-Mar-08 14:34:53 : XSpeedCounter::HandleQueryOptPosition
2017-Mar-08 14:34:53 : XSpeedCounter::HandleQueryOptPosition
2017-Mar-08 14:34:53 : XSpeedCounter::HandleQueryOptPosition
2017-Mar-08 14:34:53 : XSpeedCounter::HandleQueryOptPosition
