123445
./BatchEntrustsCancel.m:    functionID = '91102';
./EntrustCancel.m:        functionID = '91101';
./EntrustCancel.m:        functionID = '91105';
./EntrustCancel.m:        functionID = '91106';
./QueryCombi.m:        functionID = '31003';
./QueryCombi.m:        functionID = '31004';
./QueryCombi.m:        functionID = '31001';
./QueryCombiAsset.m:        functionID = '31001';
./QueryCombiAsset.m:        functionID = '31003';
./QueryCombiAsset.m:        functionID = '31004';
./QueryDeals.m:        functionID = '33003';
./QueryDeals.m:        functionID = '33004';
./QueryDeals.m:        functionID = '33001';
./QueryEntrusts.m:        functionID = '32003';
./QueryEntrusts.m:        functionID = '32004';
./QueryEntrusts.m:        functionID = '32001';
./QueryFutMargin.m:    functionID = '34003';
./QueryOptMargin.m:    functionID = '34004';
BatchEntrustsCancel.m:    functionID = '91102';
EntrustCancel.m:        functionID = '91101';
EntrustCancel.m:        functionID = '91105';
EntrustCancel.m:        functionID = '91106';
QueryCombi.m:        functionID = '31003';
QueryCombi.m:        functionID = '31004';
QueryCombi.m:        functionID = '31001';
QueryCombiAsset.m:        functionID = '31001';
QueryCombiAsset.m:        functionID = '31003';
QueryCombiAsset.m:        functionID = '31004';
QueryDeals.m:        functionID = '33003';
QueryDeals.m:        functionID = '33004';
QueryDeals.m:        functionID = '33001';
QueryEntrusts.m:        functionID = '32003';
QueryEntrusts.m:        functionID = '32004';
QueryEntrusts.m:        functionID = '32001';
QueryFutMargin.m:    functionID = '34003';
QueryOptMargin.m:    functionID = '34004';
./BatchEntrustsCancel.m:    message.prepare(Tagdef.REQUEST_PACKET, functionID);
./Entrust.m:    message.prepare(Tagdef.REQUEST_PACKET,'91001');
./EntrustCancel.m:    message.prepare(Tagdef.REQUEST_PACKET, functionID);
./ESBJavaAPI/Entrust.m:    message.prepare(Tagdef.REQUEST_PACKET,'91001');
./HeartBeat.m:    message.prepare(Tagdef.REQUEST_PACKET,'10000');
./Login.m:    message.prepare(Tagdef.REQUEST_PACKET,'10001');
./Logout.m:    message.prepare(Tagdef.REQUEST_PACKET,'10002');
./Order.m:    message.prepare(Tagdef.REQUEST_PACKET,'91090');
./PlaceEntrust.m:    message.prepare(Tagdef.REQUEST_PACKET,'91001');
./PlaceFutEntrust.m:    message.prepare(Tagdef.REQUEST_PACKET,'91004');
./PlaceOptEntrust.m:    message.prepare(Tagdef.REQUEST_PACKET,'91005');
./QueryAccount.m:    message.prepare(Tagdef.REQUEST_PACKET,'34001');  
./QueryCombi.m:    message.prepare(Tagdef.REQUEST_PACKET,functionID);
./QueryCombiAsset.m:    message.prepare(Tagdef.REQUEST_PACKET,functionID);
./QueryCombiStock.m:    message.prepare(Tagdef.REQUEST_PACKET,'31001');
./QueryDeals.m:    message.prepare(Tagdef.REQUEST_PACKET,functionID);
./QueryEntrusts.m:    message.prepare(Tagdef.REQUEST_PACKET,functionID);
./QueryFutMargin.m:    message.prepare(Tagdef.REQUEST_PACKET, functionID);
./QueryOptMargin.m:    message.prepare(Tagdef.REQUEST_PACKET, functionID);
BatchEntrustsCancel.m:    message.prepare(Tagdef.REQUEST_PACKET, functionID);
Entrust.m:    message.prepare(Tagdef.REQUEST_PACKET,'91001');
EntrustCancel.m:    message.prepare(Tagdef.REQUEST_PACKET, functionID);
HeartBeat.m:    message.prepare(Tagdef.REQUEST_PACKET,'10000');
Login.m:    message.prepare(Tagdef.REQUEST_PACKET,'10001');
Logout.m:    message.prepare(Tagdef.REQUEST_PACKET,'10002');
Order.m:    message.prepare(Tagdef.REQUEST_PACKET,'91090');
PlaceEntrust.m:    message.prepare(Tagdef.REQUEST_PACKET,'91001');
PlaceFutEntrust.m:    message.prepare(Tagdef.REQUEST_PACKET,'91004');
PlaceOptEntrust.m:    message.prepare(Tagdef.REQUEST_PACKET,'91005');
QueryAccount.m:    message.prepare(Tagdef.REQUEST_PACKET,'34001');  
QueryCombi.m:    message.prepare(Tagdef.REQUEST_PACKET,functionID);
QueryCombiAsset.m:    message.prepare(Tagdef.REQUEST_PACKET,functionID);
QueryCombiStock.m:    message.prepare(Tagdef.REQUEST_PACKET,'31001');
QueryDeals.m:    message.prepare(Tagdef.REQUEST_PACKET,functionID);
QueryEntrusts.m:    message.prepare(Tagdef.REQUEST_PACKET,functionID);
QueryFutMargin.m:    message.prepare(Tagdef.REQUEST_PACKET, functionID);
QueryOptMargin.m:    message.prepare(Tagdef.REQUEST_PACKET, functionID);
